TN:
SF:/mnt/d/Google Drive/_Uni Y3S1/COMP2017/assignment/vfs-local/cov/arr.c
FN:42,cmp_key
FN:85,arr_init
FN:106,free_arr_list
FN:127,free_arr
FN:143,arr_rshift
FN:169,arr_insert
FN:205,arr_get_index
FN:280,arr_sorted_insert
FN:302,arr_lshift
FN:328,arr_remove
FN:360,arr_remove_by_key
FN:392,arr_get
FN:409,arr_get_by_key
FNDA:393,cmp_key
FNDA:64,arr_init
FNDA:64,free_arr_list
FNDA:64,free_arr
FNDA:39,arr_rshift
FNDA:160,arr_insert
FNDA:346,arr_get_index
FNDA:162,arr_sorted_insert
FNDA:19,arr_lshift
FNDA:22,arr_remove
FNDA:5,arr_remove_by_key
FNDA:133,arr_get
FNDA:185,arr_get_by_key
FNF:13
FNH:13
DA:42,393
DA:43,393
DA:45,393
DA:46,71
DA:47,28
DA:48,43
DA:49,37
DA:53,6
DA:55,3
DA:57,3
DA:60,1
DA:64,2
DA:70,322
DA:85,64
DA:86,64
DA:90,64
DA:92,64
DA:93,64
DA:94,64
DA:95,64
DA:96,64
DA:98,64
DA:106,64
DA:107,64
DA:109,64
DA:110,28
DA:111,97
DA:112,69
DA:116,28
DA:117,28
DA:119,64
DA:127,64
DA:128,64
DA:130,64
DA:131,64
DA:132,64
DA:133,64
DA:143,39
DA:144,39
DA:145,39
DA:149,148
DA:150,109
DA:151,45
DA:153,64
DA:155,109
DA:157,39
DA:169,160
DA:170,160
DA:172,160
DA:175,160
DA:176,39
DA:180,160
DA:181,160
DA:182,160
DA:183,83
DA:185,77
DA:188,160
DA:205,346
DA:206,346
DA:209,346
DA:210,80
DA:211,57
DA:213,23
DA:218,266
DA:219,21
DA:222,245
DA:223,245
DA:226,245
DA:227,245
DA:228,245
DA:229,245
DA:233,537
DA:234,391
DA:236,391
DA:238,91
DA:239,39
DA:240,31
DA:242,8
DA:247,52
DA:249,300
DA:251,187
DA:252,93
DA:253,51
DA:255,42
DA:260,94
DA:263,113
DA:264,2
DA:266,111
DA:280,162
DA:281,162
DA:282,162
DA:285,162
DA:286,162
DA:287,2
DA:290,160
DA:291,160
DA:302,19
DA:303,19
DA:304,19
DA:308,69
DA:309,50
DA:310,30
DA:312,20
DA:314,50
DA:316,19
DA:328,22
DA:329,22
DA:330,22
DA:333,22
DA:336,22
DA:337,19
DA:341,22
DA:342,22
DA:343,14
DA:345,8
DA:348,22
DA:360,5
DA:361,5
DA:364,8
DA:365,7
DA:366,6
DA:367,1
DA:371,4
DA:372,4
DA:373,2
DA:377,2
DA:378,1
DA:380,1
DA:383,2
DA:392,133
DA:393,133
DA:395,133
DA:409,185
DA:410,185
DA:413,190
DA:414,189
DA:415,364
DA:416,1
DA:420,184
DA:421,184
DA:422,73
DA:425,111
LF:142
LH:142
end_of_record
TN:
SF:/mnt/d/Google Drive/_Uni Y3S1/COMP2017/assignment/vfs-local/cov/helper.c
FN:19,salloc
FN:33,scalloc
FN:49,file_init
FN:65,free_file
FN:76,update_file_name
FN:87,update_dir_offset
FN:105,write_dir_file
FN:121,find_next_nonzero_file
FN:154,write_null_byte
FN:177,pwrite_null_byte
FNDA:241,salloc
FNDA:31,scalloc
FNDA:78,file_init
FNDA:75,free_file
FNDA:261,update_file_name
FNDA:74,update_dir_offset
FNDA:59,write_dir_file
FNDA:154,find_next_nonzero_file
FNDA:56,write_null_byte
FNDA:94,pwrite_null_byte
FNF:10
FNH:10
DA:19,241
DA:20,241
DA:21,241
DA:22,241
DA:33,31
DA:34,31
DA:35,31
DA:36,31
DA:49,78
DA:50,78
DA:51,78
DA:52,78
DA:53,78
DA:54,78
DA:55,78
DA:56,78
DA:57,78
DA:65,75
DA:66,75
DA:67,75
DA:76,261
DA:77,261
DA:78,261
DA:79,261
DA:87,74
DA:89,74
DA:90,17
DA:95,57
DA:96,57
DA:98,74
DA:105,59
DA:106,59
DA:107,59
DA:108,59
DA:109,59
DA:121,154
DA:122,154
DA:123,154
DA:124,154
DA:125,154
DA:127,159
DA:128,59
DA:129,59
DA:132,59
DA:133,11
DA:137,48
DA:138,43
DA:142,111
DA:154,56
DA:156,56
DA:157,1
DA:160,55
DA:164,55
DA:165,55
DA:177,94
DA:179,94
DA:180,1
DA:183,93
DA:186,57629
DA:187,57536
DA:190,93
LF:61
LH:61
end_of_record
TN:
SF:/mnt/d/Google Drive/_Uni Y3S1/COMP2017/assignment/vfs-local/cov/myfilesystem.c
FN:31,init_fs
FN:118,close_fs
FN:147,new_file_index
FN:174,new_file_offset
FN:240,create_file
FN:307,resize_file_helper
FN:390,resize_file
FN:446,repack_move
FN:461,repack_helper
FN:509,repack
FN:527,delete_file
FN:559,rename_file
FN:589,read_file
FN:629,write_file
FN:684,file_size
FN:703,fletcher
FN:748,hash_node
FN:763,compute_hash_tree
FN:799,compute_hash_block_helper
FN:824,compute_hash_block_range
FN:842,compute_hash_block
FN:861,verify_hash_range
FNDA:31,init_fs
FNDA:32,close_fs
FNDA:59,new_file_index
FNDA:68,new_file_offset
FNDA:63,create_file
FNDA:78,resize_file_helper
FNDA:16,resize_file
FNDA:9,repack_move
FNDA:8,repack_helper
FNDA:1,repack
FNDA:7,delete_file
FNDA:5,rename_file
FNDA:6,read_file
FNDA:71,write_file
FNDA:4,file_size
FNDA:417,fletcher
FNDA:16,hash_node
FNDA:1,compute_hash_tree
FNDA:133,compute_hash_block_helper
FNDA:118,compute_hash_block_range
FNDA:1,compute_hash_block
FNDA:4,verify_hash_range
FNF:22
FNH:22
DA:31,31
DA:33,31
DA:36,31
DA:39,31
DA:40,31
DA:41,31
DA:42,31
DA:46,31
DA:47,31
DA:51,31
DA:52,31
DA:53,31
DA:56,31
DA:58,31
DA:60,31
DA:62,31
DA:66,31
DA:67,31
DA:68,31
DA:69,31
DA:70,31
DA:71,31
DA:72,31
DA:73,31
DA:74,31
DA:78,31
DA:79,31
DA:80,31
DA:81,341
DA:83,310
DA:86,310
DA:87,2
DA:92,2
DA:93,1
DA:95,1
DA:99,1
DA:104,2
DA:105,2
DA:106,2
DA:109,2
DA:110,2
DA:111,2
DA:115,31
DA:118,32
DA:120,32
DA:121,1
DA:124,31
DA:126,31
DA:127,31
DA:128,31
DA:130,31
DA:131,31
DA:132,31
DA:134,31
DA:136,31
DA:137,31
DA:138,31
DA:139,31
DA:147,59
DA:148,59
DA:151,59
DA:152,59
DA:153,59
DA:154,171
DA:155,171
DA:156,59
DA:157,59
DA:161,59
DA:162,59
DA:174,68
DA:175,68
DA:176,68
DA:180,68
DA:181,25
DA:185,43
DA:186,43
DA:190,65
DA:191,22
DA:192,21
DA:195,22
DA:196,22
DA:197,22
DA:198,22
DA:199,22
DA:200,22
DA:203,61
DA:204,18
DA:205,18
DA:206,18
DA:210,18
DA:211,1
DA:214,17
DA:215,17
DA:216,17
DA:217,17
DA:220,21
DA:221,21
DA:225,21
DA:226,19
DA:230,2
DA:231,1
DA:233,1
DA:237,2
DA:240,63
DA:241,63
DA:242,63
DA:245,63
DA:246,63
DA:247,63
DA:248,2
DA:249,2
DA:253,121
DA:254,60
DA:255,2
DA:256,2
DA:260,59
DA:261,59
DA:262,59
DA:265,59
DA:266,59
DA:267,59
DA:270,59
DA:271,59
DA:272,59
DA:275,59
DA:277,42
DA:278,42
DA:280,42
DA:282,1
DA:285,41
DA:289,59
DA:290,59
DA:291,59
DA:293,59
DA:294,59
DA:307,78
DA:308,78
DA:309,78
DA:312,78
DA:313,72
DA:314,72
DA:317,72
DA:319,3
DA:322,3
DA:325,4
DA:326,1
DA:327,1
DA:328,1
DA:332,2
DA:335,3
DA:338,3
DA:343,69
DA:344,69
DA:346,69
DA:347,69
DA:349,2
DA:350,2
DA:353,67
DA:354,67
DA:357,69
DA:359,3
DA:360,3
DA:363,3
DA:366,3
DA:367,3
DA:368,3
DA:370,3
DA:371,3
DA:374,3
DA:380,78
DA:381,78
DA:382,78
DA:384,78
DA:387,78
DA:390,16
DA:391,16
DA:392,16
DA:395,16
DA:396,16
DA:397,16
DA:398,16
DA:399,1
DA:400,1
DA:404,15
DA:405,1
DA:406,1
DA:410,14
DA:411,1
DA:412,1
DA:415,13
DA:416,13
DA:418,13
DA:419,7
DA:421,7
DA:423,2
DA:424,2
DA:427,5
DA:428,5
DA:432,13
DA:433,13
DA:434,13
DA:436,13
DA:437,13
DA:446,9
DA:447,9
DA:448,7
DA:451,9
DA:452,9
DA:453,9
DA:461,8
DA:462,8
DA:463,8
DA:466,8
DA:467,1
DA:471,7
DA:475,7
DA:476,7
DA:477,7
DA:478,7
DA:479,4
DA:481,4
DA:482,4
DA:487,16
DA:488,14
DA:489,14
DA:490,14
DA:493,14
DA:494,5
DA:497,9
DA:498,5
DA:500,5
DA:501,2
DA:506,7
DA:509,1
DA:510,1
DA:511,1
DA:513,1
DA:516,1
DA:517,1
DA:520,1
DA:521,1
DA:522,1
DA:524,1
DA:525,1
DA:527,7
DA:528,7
DA:529,7
DA:532,7
DA:533,7
DA:534,7
DA:535,7
DA:536,1
DA:537,1
DA:540,6
DA:541,6
DA:542,6
DA:545,6
DA:546,6
DA:549,6
DA:551,6
DA:553,6
DA:555,6
DA:556,6
DA:559,5
DA:560,5
DA:561,5
DA:563,5
DA:564,5
DA:565,5
DA:568,5
DA:569,1
DA:570,1
DA:574,4
DA:575,4
DA:576,2
DA:577,2
DA:580,2
DA:581,2
DA:583,2
DA:585,2
DA:586,2
DA:589,6
DA:590,6
DA:594,6
DA:597,6
DA:598,6
DA:599,6
DA:600,6
DA:601,1
DA:602,1
DA:606,5
DA:607,1
DA:608,1
DA:612,4
DA:613,1
DA:614,1
DA:618,3
DA:619,1
DA:620,1
DA:623,2
DA:625,2
DA:626,2
DA:629,71
DA:630,71
DA:631,71
DA:634,71
DA:635,71
DA:636,71
DA:637,71
DA:638,1
DA:639,1
DA:643,70
DA:644,1
DA:645,1
DA:649,69
DA:650,1
DA:651,1
DA:655,68
DA:656,1
DA:657,1
DA:661,67
DA:662,67
DA:663,65
DA:666,67
DA:668,67
DA:670,1
DA:673,66
DA:676,67
DA:677,67
DA:678,67
DA:680,67
DA:681,67
DA:684,4
DA:685,4
DA:686,4
DA:689,4
DA:690,4
DA:691,4
DA:692,4
DA:693,1
DA:694,1
DA:698,3
DA:699,3
DA:700,3
DA:703,417
DA:704,417
DA:707,417
DA:710,417
DA:711,417
DA:713,417
DA:714,417
DA:715,417
DA:716,417
DA:717,11584
DA:718,11167
DA:719,11167
DA:720,11167
DA:721,11167
DA:725,417
DA:726,1
DA:727,1
DA:728,1
DA:729,1
DA:730,1
DA:731,1
DA:735,417
DA:736,417
DA:737,417
DA:738,417
DA:739,417
DA:748,16
DA:750,16
DA:751,9
DA:752,9
DA:754,9
DA:758,7
DA:761,16
DA:763,1
DA:764,1
DA:765,1
DA:768,1
DA:769,1
DA:770,1
DA:771,1
DA:772,1
DA:774,9
DA:776,7
DA:778,7
DA:779,4
DA:782,3
DA:783,3
DA:784,3
DA:788,1
DA:790,1
DA:791,1
DA:799,133
DA:801,133
DA:804,133
DA:805,133
DA:808,133
DA:809,532
DA:810,266
DA:811,266
DA:814,266
DA:816,133
DA:824,118
DA:826,118
DA:827,1
DA:830,117
DA:833,117
DA:834,117
DA:837,249
DA:838,132
DA:842,1
DA:843,1
DA:844,1
DA:846,1
DA:848,1
DA:850,1
DA:851,1
DA:861,4
DA:863,4
DA:864,1
DA:867,3
DA:870,3
DA:871,3
DA:875,3
DA:876,3
DA:877,5
DA:879,3
DA:882,14
DA:883,9
DA:886,9
DA:887,9
DA:888,1
DA:890,8
DA:894,2
LF:437
LH:437
end_of_record
TN:
SF:/mnt/d/Google Drive/_Uni Y3S1/COMP2017/assignment/vfs-local/cov/runtest.c
FN:56,test
FN:71,gen_blank_files
FN:82,success
FN:87,failure
FN:92,test_helper_error_handling
FN:113,test_array_empty
FN:124,test_array_insert
FN:163,test_array_get
FN:223,test_array_remove
FN:280,test_no_operation
FN:289,test_init_close_error_handling
FN:323,test_create_file_success
FN:360,test_create_file_exists
FN:383,test_create_file_no_space
FN:419,test_resize_file_success
FN:485,test_resize_file_does_not_exist
FN:501,test_resize_file_no_space
FN:516,test_repack_success
FN:548,test_delete_file_success
FN:567,test_delete_file_does_not_exist
FN:580,test_rename_file_success
FN:603,test_rename_file_name_conflicts
FN:623,test_read_file_success
FN:654,test_read_file_does_not_exist
FN:669,test_read_file_invalid_offset_count
FN:684,test_read_file_invalid_hash
FN:710,test_write_file_success
FN:749,test_write_file_does_not_exist
FN:763,test_write_file_invalid_offset
FN:778,test_write_file_no_space
FN:795,test_file_size_success
FN:817,test_file_size_does_not_exist
FN:831,test_fletcher_success
FN:858,test_compute_hash_tree_success
FN:905,main
FNDA:32,test
FNDA:31,gen_blank_files
FNDA:1,success
FNDA:1,failure
FNDA:1,test_helper_error_handling
FNDA:1,test_array_empty
FNDA:1,test_array_insert
FNDA:1,test_array_get
FNDA:1,test_array_remove
FNDA:1,test_no_operation
FNDA:1,test_init_close_error_handling
FNDA:1,test_create_file_success
FNDA:1,test_create_file_exists
FNDA:1,test_create_file_no_space
FNDA:1,test_resize_file_success
FNDA:1,test_resize_file_does_not_exist
FNDA:1,test_resize_file_no_space
FNDA:1,test_repack_success
FNDA:1,test_delete_file_success
FNDA:1,test_delete_file_does_not_exist
FNDA:1,test_rename_file_success
FNDA:1,test_rename_file_name_conflicts
FNDA:1,test_read_file_success
FNDA:1,test_read_file_does_not_exist
FNDA:1,test_read_file_invalid_offset_count
FNDA:1,test_read_file_invalid_hash
FNDA:1,test_write_file_success
FNDA:1,test_write_file_does_not_exist
FNDA:1,test_write_file_invalid_offset
FNDA:1,test_write_file_no_space
FNDA:1,test_file_size_success
FNDA:1,test_file_size_does_not_exist
FNDA:1,test_fletcher_success
FNDA:1,test_compute_hash_tree_success
FNDA:1,main
FNF:35
FNH:35
DA:56,32
DA:58,32
DA:59,32
DA:60,31
DA:62,1
DA:64,32
DA:65,32
DA:71,31
DA:72,31
DA:73,31
DA:74,31
DA:75,31
DA:82,1
DA:83,1
DA:87,1
DA:88,1
DA:92,1
DA:93,1
DA:94,1
DA:97,1
DA:100,1
DA:106,1
DA:108,1
DA:109,1
DA:113,1
DA:114,1
DA:115,1
DA:116,1
DA:117,1
DA:118,1
DA:119,1
DA:120,1
DA:124,1
DA:125,1
DA:126,1
DA:129,1
DA:130,1
DA:131,1
DA:132,1
DA:133,1
DA:136,1
DA:137,1
DA:140,5
DA:141,4
DA:142,4
DA:146,1
DA:151,5
DA:152,4
DA:154,4
DA:158,1
DA:159,1
DA:163,1
DA:164,1
DA:165,1
DA:170,1
DA:171,1
DA:172,1
DA:173,1
DA:174,1
DA:175,1
DA:176,1
DA:177,1
DA:179,1
DA:180,1
DA:181,1
DA:182,1
DA:183,1
DA:184,1
DA:187,8
DA:188,7
DA:189,7
DA:193,1
DA:198,1
DA:204,1
DA:206,1
DA:207,1
DA:209,1
DA:212,1
DA:213,1
DA:214,1
DA:217,1
DA:218,1
DA:219,1
DA:223,1
DA:224,1
DA:225,1
DA:226,1
DA:227,1
DA:228,1
DA:229,1
DA:230,1
DA:231,1
DA:233,1
DA:234,1
DA:235,1
DA:236,1
DA:237,1
DA:238,1
DA:240,1
DA:241,1
DA:244,6
DA:245,5
DA:246,5
DA:250,1
DA:251,1
DA:252,1
DA:255,1
DA:260,1
DA:266,4
DA:267,3
DA:269,3
DA:273,1
DA:274,1
DA:275,1
DA:276,1
DA:280,1
DA:281,1
DA:282,1
DA:283,1
DA:284,1
DA:289,1
DA:291,1
DA:294,1
DA:295,1
DA:296,1
DA:297,1
DA:299,1
DA:302,1
DA:303,1
DA:304,1
DA:308,1
DA:309,1
DA:310,1
DA:313,1
DA:318,1
DA:319,1
DA:323,1
DA:324,1
DA:325,1
DA:327,1
DA:336,1
DA:339,1
DA:343,1
DA:347,1
DA:352,1
DA:354,1
DA:355,1
DA:360,1
DA:361,1
DA:362,1
DA:364,1
DA:366,1
DA:371,1
DA:372,1
DA:374,1
DA:377,1
DA:378,1
DA:383,1
DA:384,1
DA:385,1
DA:387,1
DA:390,1
DA:393,1
DA:396,1
DA:399,1
DA:400,1
DA:403,1
DA:405,11
DA:407,10
DA:410,1
DA:413,1
DA:414,1
DA:419,1
DA:420,1
DA:421,1
DA:423,1
DA:429,1
DA:432,1
DA:435,1
DA:439,1
DA:443,1
DA:449,1
DA:450,1
DA:451,1
DA:454,1
DA:455,1
DA:456,1
DA:457,1
DA:459,1
DA:461,1
DA:466,1
DA:473,1
DA:480,1
DA:481,1
DA:485,1
DA:486,1
DA:487,1
DA:489,1
DA:493,1
DA:496,1
DA:497,1
DA:501,1
DA:502,1
DA:503,1
DA:505,1
DA:508,1
DA:511,1
DA:512,1
DA:516,1
DA:517,1
DA:518,1
DA:521,1
DA:530,1
DA:533,1
DA:534,1
DA:536,1
DA:543,1
DA:544,1
DA:548,1
DA:549,1
DA:550,1
DA:552,1
DA:555,1
DA:558,1
DA:559,1
DA:562,1
DA:563,1
DA:567,1
DA:568,1
DA:569,1
DA:571,1
DA:573,1
DA:575,1
DA:576,1
DA:580,1
DA:581,1
DA:582,1
DA:584,1
DA:587,1
DA:590,1
DA:594,1
DA:595,1
DA:598,1
DA:599,1
DA:603,1
DA:604,1
DA:605,1
DA:607,1
DA:611,1
DA:615,1
DA:618,1
DA:619,1
DA:623,1
DA:624,1
DA:625,1
DA:627,1
DA:630,1
DA:631,1
DA:632,1
DA:633,1
DA:635,1
DA:636,1
DA:638,1
DA:641,1
DA:644,1
DA:645,1
DA:647,1
DA:649,1
DA:650,1
DA:654,1
DA:655,1
DA:656,1
DA:658,1
DA:660,1
DA:661,1
DA:664,1
DA:665,1
DA:669,1
DA:670,1
DA:671,1
DA:673,1
DA:675,1
DA:676,1
DA:679,1
DA:680,1
DA:684,1
DA:685,1
DA:686,1
DA:688,1
DA:693,1
DA:694,1
DA:698,1
DA:699,1
DA:700,1
DA:702,1
DA:705,1
DA:706,1
DA:710,1
DA:711,1
DA:712,1
DA:714,1
DA:720,1
DA:722,1
DA:723,1
DA:726,1
DA:730,1
DA:733,1
DA:736,1
DA:739,1
DA:740,1
DA:742,1
DA:744,1
DA:745,1
DA:749,1
DA:750,1
DA:751,1
DA:753,1
DA:755,1
DA:758,1
DA:759,1
DA:763,1
DA:764,1
DA:765,1
DA:767,1
DA:770,1
DA:773,1
DA:774,1
DA:778,1
DA:779,1
DA:780,1
DA:782,1
DA:786,1
DA:790,1
DA:791,1
DA:795,1
DA:796,1
DA:797,1
DA:799,1
DA:802,1
DA:807,1
DA:812,1
DA:813,1
DA:817,1
DA:818,1
DA:819,1
DA:821,1
DA:823,1
DA:826,1
DA:827,1
DA:831,1
DA:834,1
DA:835,1
DA:836,1
DA:838,1
DA:839,1
DA:841,1
DA:842,1
DA:845,5
DA:846,4
DA:849,4
DA:853,1
DA:858,1
DA:859,1
DA:860,1
DA:863,1
DA:865,1
DA:866,65
DA:867,64
DA:871,1
DA:872,1
DA:874,1
DA:877,1
DA:878,1
DA:880,65
DA:881,64
DA:883,1
DA:884,1
DA:886,1
DA:889,1
DA:890,1
DA:892,17
DA:893,16
DA:897,1
DA:898,1
DA:905,1
DA:907,1
DA:908,1
DA:909,1
DA:910,1
DA:912,1
DA:915,1
DA:916,1
DA:917,1
DA:920,1
DA:921,1
DA:924,1
DA:925,1
DA:926,1
DA:927,1
DA:928,1
DA:931,1
DA:932,1
DA:933,1
DA:936,1
DA:937,1
DA:938,1
DA:939,1
DA:942,1
DA:943,1
DA:944,1
DA:945,1
DA:948,1
DA:949,1
DA:952,1
DA:953,1
DA:954,1
DA:957,1
DA:958,1
DA:959,1
DA:962,1
DA:963,1
DA:964,1
DA:965,1
DA:966,1
DA:969,1
DA:970,1
DA:971,1
DA:972,1
DA:973,1
DA:976,1
DA:977,1
DA:978,1
DA:981,1
DA:982,1
DA:985,1
DA:986,1
DA:991,1
DA:993,1
DA:994,1
DA:995,1
DA:997,1
LF:441
LH:441
end_of_record
