TN:
SF:/mnt/d/Google Drive/_Uni Y3S1/COMP2017/assignment/vfs-local/cov/arr.c
FN:42,cmp_key
FN:85,arr_init
FN:106,free_arr_list
FN:127,free_arr
FN:143,arr_rshift
FN:169,arr_insert
FN:205,arr_get_index
FN:280,arr_sorted_insert
FN:302,arr_lshift
FN:328,arr_remove
FN:360,arr_remove_by_key
FN:392,arr_get
FN:409,arr_get_by_key
FNDA:393,cmp_key
FNDA:64,arr_init
FNDA:64,free_arr_list
FNDA:64,free_arr
FNDA:39,arr_rshift
FNDA:160,arr_insert
FNDA:346,arr_get_index
FNDA:162,arr_sorted_insert
FNDA:19,arr_lshift
FNDA:22,arr_remove
FNDA:5,arr_remove_by_key
FNDA:133,arr_get
FNDA:185,arr_get_by_key
FNF:13
FNH:13
DA:42,393
DA:43,393
DA:45,393
DA:46,71
DA:47,28
DA:48,43
DA:49,37
DA:53,6
DA:55,3
DA:57,3
DA:60,1
DA:64,2
DA:70,322
DA:85,64
DA:86,64
DA:90,64
DA:92,64
DA:93,64
DA:94,64
DA:95,64
DA:96,64
DA:98,64
DA:106,64
DA:107,64
DA:109,64
DA:110,28
DA:111,97
DA:112,69
DA:116,28
DA:117,28
DA:119,64
DA:127,64
DA:128,64
DA:130,64
DA:131,64
DA:132,64
DA:133,64
DA:143,39
DA:144,39
DA:145,39
DA:149,148
DA:150,109
DA:151,45
DA:153,64
DA:155,109
DA:157,39
DA:169,160
DA:170,160
DA:172,160
DA:175,160
DA:176,39
DA:180,160
DA:181,160
DA:182,160
DA:183,83
DA:185,77
DA:188,160
DA:205,346
DA:206,346
DA:209,346
DA:210,80
DA:211,57
DA:213,23
DA:218,266
DA:219,21
DA:222,245
DA:223,245
DA:226,245
DA:227,245
DA:228,245
DA:229,245
DA:233,537
DA:234,391
DA:236,391
DA:238,91
DA:239,39
DA:240,31
DA:242,8
DA:247,52
DA:249,300
DA:251,187
DA:252,93
DA:253,51
DA:255,42
DA:260,94
DA:263,113
DA:264,2
DA:266,111
DA:280,162
DA:281,162
DA:282,162
DA:285,162
DA:286,162
DA:287,2
DA:290,160
DA:291,160
DA:302,19
DA:303,19
DA:304,19
DA:308,69
DA:309,50
DA:310,30
DA:312,20
DA:314,50
DA:316,19
DA:328,22
DA:329,22
DA:330,22
DA:333,22
DA:336,22
DA:337,19
DA:341,22
DA:342,22
DA:343,14
DA:345,8
DA:348,22
DA:360,5
DA:361,5
DA:364,8
DA:365,7
DA:366,6
DA:367,1
DA:371,4
DA:372,4
DA:373,2
DA:377,2
DA:378,1
DA:380,1
DA:383,2
DA:392,133
DA:393,133
DA:395,133
DA:409,185
DA:410,185
DA:413,190
DA:414,189
DA:415,364
DA:416,1
DA:420,184
DA:421,184
DA:422,73
DA:425,111
LF:142
LH:142
end_of_record
TN:
SF:/mnt/d/Google Drive/_Uni Y3S1/COMP2017/assignment/vfs-local/cov/helper.c
FN:19,salloc
FN:33,scalloc
FN:49,file_init
FN:65,free_file
FN:76,update_file_name
FN:87,update_dir_offset
FN:105,write_dir_file
FN:121,find_next_nonzero_file
FN:154,write_null_byte
FN:177,pwrite_null_byte
FNDA:241,salloc
FNDA:31,scalloc
FNDA:78,file_init
FNDA:75,free_file
FNDA:261,update_file_name
FNDA:74,update_dir_offset
FNDA:59,write_dir_file
FNDA:154,find_next_nonzero_file
FNDA:56,write_null_byte
FNDA:94,pwrite_null_byte
FNF:10
FNH:10
DA:19,241
DA:20,241
DA:21,241
DA:22,241
DA:33,31
DA:34,31
DA:35,31
DA:36,31
DA:49,78
DA:50,78
DA:51,78
DA:52,78
DA:53,78
DA:54,78
DA:55,78
DA:56,78
DA:57,78
DA:65,75
DA:66,75
DA:67,75
DA:76,261
DA:77,261
DA:78,261
DA:79,261
DA:87,74
DA:89,74
DA:90,17
DA:95,57
DA:96,57
DA:98,74
DA:105,59
DA:106,59
DA:107,59
DA:108,59
DA:109,59
DA:121,154
DA:122,154
DA:123,154
DA:124,154
DA:125,154
DA:127,159
DA:128,59
DA:129,59
DA:132,59
DA:133,11
DA:137,48
DA:138,43
DA:142,111
DA:154,56
DA:156,56
DA:157,1
DA:160,55
DA:164,55
DA:165,55
DA:177,94
DA:179,94
DA:180,1
DA:183,93
DA:186,57629
DA:187,57536
DA:190,93
LF:61
LH:61
end_of_record
TN:
SF:/mnt/d/Google Drive/_Uni Y3S1/COMP2017/assignment/vfs-local/cov/myfilesystem.c
FN:31,init_fs
FN:118,close_fs
FN:147,new_file_index
FN:174,new_file_offset
FN:238,create_file
FN:304,resize_file_helper
FN:387,resize_file
FN:443,repack_move
FN:458,repack_helper
FN:506,repack
FN:524,delete_file
FN:556,rename_file
FN:586,read_file
FN:626,write_file
FN:681,file_size
FN:699,fletcher
FN:744,hash_node
FN:759,compute_hash_tree
FN:795,compute_hash_block_helper
FN:820,compute_hash_block_range
FN:838,compute_hash_block
FN:857,verify_hash_range
FNDA:31,init_fs
FNDA:32,close_fs
FNDA:59,new_file_index
FNDA:68,new_file_offset
FNDA:63,create_file
FNDA:78,resize_file_helper
FNDA:16,resize_file
FNDA:9,repack_move
FNDA:8,repack_helper
FNDA:1,repack
FNDA:7,delete_file
FNDA:5,rename_file
FNDA:6,read_file
FNDA:71,write_file
FNDA:4,file_size
FNDA:417,fletcher
FNDA:16,hash_node
FNDA:1,compute_hash_tree
FNDA:133,compute_hash_block_helper
FNDA:118,compute_hash_block_range
FNDA:1,compute_hash_block
FNDA:4,verify_hash_range
FNF:22
FNH:22
DA:31,31
DA:33,31
DA:36,31
DA:39,31
DA:40,31
DA:41,31
DA:42,31
DA:46,31
DA:47,31
DA:51,31
DA:52,31
DA:53,31
DA:56,31
DA:58,31
DA:60,31
DA:62,31
DA:66,31
DA:67,31
DA:68,31
DA:69,31
DA:70,31
DA:71,31
DA:72,31
DA:73,31
DA:74,31
DA:78,31
DA:79,31
DA:80,31
DA:81,341
DA:83,310
DA:86,310
DA:87,2
DA:92,2
DA:93,1
DA:95,1
DA:99,1
DA:104,2
DA:105,2
DA:106,2
DA:109,2
DA:110,2
DA:111,2
DA:115,31
DA:118,32
DA:120,32
DA:121,1
DA:124,31
DA:126,31
DA:127,31
DA:128,31
DA:130,31
DA:131,31
DA:132,31
DA:134,31
DA:136,31
DA:137,31
DA:138,31
DA:139,31
DA:147,59
DA:148,59
DA:151,59
DA:152,59
DA:153,59
DA:154,171
DA:155,171
DA:156,59
DA:157,59
DA:161,59
DA:162,59
DA:174,68
DA:175,68
DA:176,68
DA:180,68
DA:181,25
DA:185,43
DA:186,43
DA:190,65
DA:191,22
DA:192,21
DA:197,22
DA:198,22
DA:199,22
DA:200,22
DA:201,22
DA:202,61
DA:203,39
DA:204,18
DA:205,18
DA:206,18
DA:210,18
DA:211,1
DA:214,17
DA:215,17
DA:220,21
DA:221,21
DA:223,21
DA:224,19
DA:228,2
DA:229,1
DA:231,1
DA:235,2
DA:238,63
DA:239,63
DA:240,63
DA:243,63
DA:244,63
DA:245,63
DA:246,2
DA:247,2
DA:251,121
DA:252,60
DA:253,2
DA:254,2
DA:258,59
DA:259,59
DA:260,59
DA:263,59
DA:264,59
DA:265,59
DA:268,59
DA:269,59
DA:270,59
DA:273,59
DA:275,42
DA:276,42
DA:278,42
DA:280,1
DA:283,41
DA:287,59
DA:288,59
DA:289,59
DA:291,59
DA:292,59
DA:304,78
DA:305,78
DA:306,78
DA:309,78
DA:310,72
DA:311,72
DA:314,72
DA:316,3
DA:319,3
DA:322,4
DA:323,1
DA:324,1
DA:325,1
DA:329,2
DA:332,3
DA:335,3
DA:340,69
DA:341,69
DA:343,69
DA:344,69
DA:346,2
DA:347,2
DA:350,67
DA:351,67
DA:354,69
DA:356,3
DA:357,3
DA:360,3
DA:363,3
DA:364,3
DA:365,3
DA:367,3
DA:368,3
DA:371,3
DA:377,78
DA:378,78
DA:379,78
DA:381,78
DA:384,78
DA:387,16
DA:388,16
DA:389,16
DA:392,16
DA:393,16
DA:394,16
DA:395,16
DA:396,1
DA:397,1
DA:401,15
DA:402,1
DA:403,1
DA:407,14
DA:408,1
DA:409,1
DA:412,13
DA:413,13
DA:415,13
DA:416,7
DA:418,7
DA:420,2
DA:421,2
DA:424,5
DA:425,5
DA:429,13
DA:430,13
DA:431,13
DA:433,13
DA:434,13
DA:443,9
DA:444,9
DA:445,7
DA:448,9
DA:449,9
DA:450,9
DA:458,8
DA:459,8
DA:460,8
DA:463,8
DA:464,1
DA:468,7
DA:472,7
DA:473,7
DA:474,7
DA:475,7
DA:476,4
DA:478,4
DA:479,4
DA:484,16
DA:485,14
DA:486,14
DA:487,14
DA:490,14
DA:491,5
DA:494,9
DA:495,5
DA:497,5
DA:498,2
DA:503,7
DA:506,1
DA:507,1
DA:508,1
DA:510,1
DA:513,1
DA:514,1
DA:517,1
DA:518,1
DA:519,1
DA:521,1
DA:522,1
DA:524,7
DA:525,7
DA:526,7
DA:529,7
DA:530,7
DA:531,7
DA:532,7
DA:533,1
DA:534,1
DA:537,6
DA:538,6
DA:539,6
DA:542,6
DA:543,6
DA:546,6
DA:548,6
DA:550,6
DA:552,6
DA:553,6
DA:556,5
DA:557,5
DA:558,5
DA:560,5
DA:561,5
DA:562,5
DA:565,5
DA:566,1
DA:567,1
DA:571,4
DA:572,4
DA:573,2
DA:574,2
DA:577,2
DA:578,2
DA:580,2
DA:582,2
DA:583,2
DA:586,6
DA:587,6
DA:591,6
DA:594,6
DA:595,6
DA:596,6
DA:597,6
DA:598,1
DA:599,1
DA:603,5
DA:604,1
DA:605,1
DA:609,4
DA:610,1
DA:611,1
DA:615,3
DA:616,1
DA:617,1
DA:620,2
DA:622,2
DA:623,2
DA:626,71
DA:627,71
DA:628,71
DA:631,71
DA:632,71
DA:633,71
DA:634,71
DA:635,1
DA:636,1
DA:640,70
DA:641,1
DA:642,1
DA:646,69
DA:647,1
DA:648,1
DA:652,68
DA:653,1
DA:654,1
DA:658,67
DA:659,67
DA:660,65
DA:663,67
DA:665,67
DA:667,1
DA:670,66
DA:673,67
DA:674,67
DA:675,67
DA:677,67
DA:678,67
DA:681,4
DA:682,4
DA:683,4
DA:686,4
DA:687,4
DA:688,4
DA:689,4
DA:690,1
DA:691,1
DA:695,3
DA:696,3
DA:699,417
DA:700,417
DA:703,417
DA:706,417
DA:707,417
DA:709,417
DA:710,417
DA:711,417
DA:712,417
DA:713,11584
DA:714,11167
DA:715,11167
DA:716,11167
DA:717,11167
DA:721,417
DA:722,1
DA:723,1
DA:724,1
DA:725,1
DA:726,1
DA:727,1
DA:731,417
DA:732,417
DA:733,417
DA:734,417
DA:735,417
DA:744,16
DA:746,16
DA:747,9
DA:748,9
DA:750,9
DA:754,7
DA:757,16
DA:759,1
DA:760,1
DA:761,1
DA:764,1
DA:765,1
DA:766,1
DA:767,1
DA:768,1
DA:770,9
DA:772,7
DA:774,7
DA:775,4
DA:778,3
DA:779,3
DA:780,3
DA:784,1
DA:786,1
DA:787,1
DA:795,133
DA:797,133
DA:800,133
DA:801,133
DA:804,133
DA:805,532
DA:806,266
DA:807,266
DA:810,266
DA:812,133
DA:820,118
DA:822,118
DA:823,1
DA:826,117
DA:829,117
DA:830,117
DA:833,249
DA:834,132
DA:838,1
DA:839,1
DA:840,1
DA:842,1
DA:844,1
DA:846,1
DA:847,1
DA:857,4
DA:859,4
DA:860,1
DA:863,3
DA:866,3
DA:867,3
DA:871,3
DA:872,3
DA:873,5
DA:875,3
DA:878,14
DA:879,9
DA:882,9
DA:883,9
DA:884,1
DA:886,8
DA:890,2
LF:434
LH:434
end_of_record
TN:
SF:/mnt/d/Google Drive/_Uni Y3S1/COMP2017/assignment/vfs-local/cov/runtest.c
FN:55,test
FN:71,gen_blank_files
FN:82,success
FN:87,failure
FN:93,test_helper_error_handling
FN:114,test_array_empty
FN:125,test_array_insert
FN:164,test_array_get
FN:224,test_array_remove
FN:281,test_no_operation
FN:290,test_init_close_error_handling
FN:324,test_create_file_success
FN:361,test_create_file_exists
FN:384,test_create_file_no_space
FN:420,test_resize_file_success
FN:486,test_resize_file_does_not_exist
FN:502,test_resize_file_no_space
FN:517,test_repack_success
FN:540,test_delete_file_success
FN:559,test_delete_file_does_not_exist
FN:572,test_rename_file_success
FN:595,test_rename_file_name_conflicts
FN:615,test_read_file_success
FN:646,test_read_file_does_not_exist
FN:661,test_read_file_invalid_offset_count
FN:676,test_read_file_invalid_hash
FN:702,test_write_file_success
FN:741,test_write_file_does_not_exist
FN:755,test_write_file_invalid_offset
FN:770,test_write_file_no_space
FN:787,test_file_size_success
FN:809,test_file_size_does_not_exist
FN:823,test_fletcher_success
FN:850,test_compute_hash_tree_success
FN:897,main
FNDA:32,test
FNDA:31,gen_blank_files
FNDA:1,success
FNDA:1,failure
FNDA:1,test_helper_error_handling
FNDA:1,test_array_empty
FNDA:1,test_array_insert
FNDA:1,test_array_get
FNDA:1,test_array_remove
FNDA:1,test_no_operation
FNDA:1,test_init_close_error_handling
FNDA:1,test_create_file_success
FNDA:1,test_create_file_exists
FNDA:1,test_create_file_no_space
FNDA:1,test_resize_file_success
FNDA:1,test_resize_file_does_not_exist
FNDA:1,test_resize_file_no_space
FNDA:1,test_repack_success
FNDA:1,test_delete_file_success
FNDA:1,test_delete_file_does_not_exist
FNDA:1,test_rename_file_success
FNDA:1,test_rename_file_name_conflicts
FNDA:1,test_read_file_success
FNDA:1,test_read_file_does_not_exist
FNDA:1,test_read_file_invalid_offset_count
FNDA:1,test_read_file_invalid_hash
FNDA:1,test_write_file_success
FNDA:1,test_write_file_does_not_exist
FNDA:1,test_write_file_invalid_offset
FNDA:1,test_write_file_no_space
FNDA:1,test_file_size_success
FNDA:1,test_file_size_does_not_exist
FNDA:1,test_fletcher_success
FNDA:1,test_compute_hash_tree_success
FNDA:1,main
FNF:35
FNH:35
DA:55,32
DA:57,32
DA:58,32
DA:59,31
DA:61,1
DA:62,1
DA:64,32
DA:65,32
DA:71,31
DA:72,31
DA:73,31
DA:74,31
DA:75,31
DA:82,1
DA:83,1
DA:87,1
DA:88,1
DA:89,1
DA:93,1
DA:94,1
DA:95,1
DA:98,1
DA:101,1
DA:107,1
DA:109,1
DA:110,1
DA:114,1
DA:115,1
DA:116,1
DA:117,1
DA:118,1
DA:119,1
DA:120,1
DA:121,1
DA:125,1
DA:126,1
DA:127,1
DA:130,1
DA:131,1
DA:132,1
DA:133,1
DA:134,1
DA:137,1
DA:138,1
DA:141,5
DA:142,4
DA:143,4
DA:147,1
DA:152,5
DA:153,4
DA:155,4
DA:159,1
DA:160,1
DA:164,1
DA:165,1
DA:166,1
DA:171,1
DA:172,1
DA:173,1
DA:174,1
DA:175,1
DA:176,1
DA:177,1
DA:178,1
DA:180,1
DA:181,1
DA:182,1
DA:183,1
DA:184,1
DA:185,1
DA:188,8
DA:189,7
DA:190,7
DA:194,1
DA:199,1
DA:205,1
DA:207,1
DA:208,1
DA:210,1
DA:213,1
DA:214,1
DA:215,1
DA:218,1
DA:219,1
DA:220,1
DA:224,1
DA:225,1
DA:226,1
DA:227,1
DA:228,1
DA:229,1
DA:230,1
DA:231,1
DA:232,1
DA:234,1
DA:235,1
DA:236,1
DA:237,1
DA:238,1
DA:239,1
DA:241,1
DA:242,1
DA:245,6
DA:246,5
DA:247,5
DA:251,1
DA:252,1
DA:253,1
DA:256,1
DA:261,1
DA:267,4
DA:268,3
DA:270,3
DA:274,1
DA:275,1
DA:276,1
DA:277,1
DA:281,1
DA:282,1
DA:283,1
DA:284,1
DA:285,1
DA:290,1
DA:292,1
DA:295,1
DA:296,1
DA:297,1
DA:298,1
DA:300,1
DA:303,1
DA:304,1
DA:305,1
DA:309,1
DA:310,1
DA:311,1
DA:314,1
DA:319,1
DA:320,1
DA:324,1
DA:325,1
DA:326,1
DA:328,1
DA:337,1
DA:340,1
DA:344,1
DA:348,1
DA:353,1
DA:355,1
DA:356,1
DA:361,1
DA:362,1
DA:363,1
DA:365,1
DA:367,1
DA:372,1
DA:373,1
DA:375,1
DA:378,1
DA:379,1
DA:384,1
DA:385,1
DA:386,1
DA:388,1
DA:391,1
DA:394,1
DA:397,1
DA:400,1
DA:401,1
DA:404,1
DA:406,11
DA:408,10
DA:411,1
DA:414,1
DA:415,1
DA:420,1
DA:421,1
DA:422,1
DA:424,1
DA:430,1
DA:433,1
DA:436,1
DA:440,1
DA:444,1
DA:450,1
DA:451,1
DA:452,1
DA:455,1
DA:456,1
DA:457,1
DA:458,1
DA:460,1
DA:462,1
DA:467,1
DA:474,1
DA:481,1
DA:482,1
DA:486,1
DA:487,1
DA:488,1
DA:490,1
DA:494,1
DA:497,1
DA:498,1
DA:502,1
DA:503,1
DA:504,1
DA:506,1
DA:509,1
DA:512,1
DA:513,1
DA:517,1
DA:518,1
DA:519,1
DA:522,1
DA:531,1
DA:535,1
DA:536,1
DA:540,1
DA:541,1
DA:542,1
DA:544,1
DA:547,1
DA:550,1
DA:551,1
DA:554,1
DA:555,1
DA:559,1
DA:560,1
DA:561,1
DA:563,1
DA:565,1
DA:567,1
DA:568,1
DA:572,1
DA:573,1
DA:574,1
DA:576,1
DA:579,1
DA:582,1
DA:586,1
DA:587,1
DA:590,1
DA:591,1
DA:595,1
DA:596,1
DA:597,1
DA:599,1
DA:603,1
DA:607,1
DA:610,1
DA:611,1
DA:615,1
DA:616,1
DA:617,1
DA:619,1
DA:622,1
DA:623,1
DA:624,1
DA:625,1
DA:627,1
DA:628,1
DA:630,1
DA:633,1
DA:636,1
DA:637,1
DA:639,1
DA:641,1
DA:642,1
DA:646,1
DA:647,1
DA:648,1
DA:650,1
DA:652,1
DA:653,1
DA:656,1
DA:657,1
DA:661,1
DA:662,1
DA:663,1
DA:665,1
DA:667,1
DA:668,1
DA:671,1
DA:672,1
DA:676,1
DA:677,1
DA:678,1
DA:680,1
DA:685,1
DA:686,1
DA:690,1
DA:691,1
DA:692,1
DA:694,1
DA:697,1
DA:698,1
DA:702,1
DA:703,1
DA:704,1
DA:706,1
DA:712,1
DA:714,1
DA:715,1
DA:718,1
DA:722,1
DA:725,1
DA:728,1
DA:731,1
DA:732,1
DA:734,1
DA:736,1
DA:737,1
DA:741,1
DA:742,1
DA:743,1
DA:745,1
DA:747,1
DA:750,1
DA:751,1
DA:755,1
DA:756,1
DA:757,1
DA:759,1
DA:762,1
DA:765,1
DA:766,1
DA:770,1
DA:771,1
DA:772,1
DA:774,1
DA:778,1
DA:782,1
DA:783,1
DA:787,1
DA:788,1
DA:789,1
DA:791,1
DA:794,1
DA:799,1
DA:804,1
DA:805,1
DA:809,1
DA:810,1
DA:811,1
DA:813,1
DA:815,1
DA:818,1
DA:819,1
DA:823,1
DA:826,1
DA:827,1
DA:828,1
DA:830,1
DA:831,1
DA:833,1
DA:834,1
DA:837,5
DA:838,4
DA:841,4
DA:845,1
DA:850,1
DA:851,1
DA:852,1
DA:855,1
DA:857,1
DA:858,65
DA:859,64
DA:863,1
DA:864,1
DA:866,1
DA:869,1
DA:870,1
DA:872,65
DA:873,64
DA:875,1
DA:876,1
DA:878,1
DA:881,1
DA:882,1
DA:884,17
DA:885,16
DA:889,1
DA:890,1
DA:897,1
DA:898,1
DA:901,1
DA:902,1
DA:903,1
DA:904,1
DA:906,1
DA:909,1
DA:910,1
DA:913,1
DA:916,1
DA:917,1
DA:918,1
DA:919,1
DA:922,1
DA:923,1
DA:926,1
DA:927,1
DA:928,1
DA:931,1
DA:932,1
DA:933,1
DA:936,1
DA:939,1
DA:940,1
DA:943,1
DA:944,1
DA:947,1
DA:948,1
DA:949,1
DA:950,1
DA:953,1
DA:954,1
DA:955,1
DA:956,1
DA:959,1
DA:960,1
DA:963,1
DA:966,1
DA:971,1
DA:973,1
DA:974,1
DA:975,1
DA:977,1
LF:427
LH:427
end_of_record
